Using pre-set license
Built from '2020.3/staging' branch; Version is '2020.3.6f1 (338bb68529b2) revision 3378102'; Using compiler version '192528614'; Build Type 'Release'
OS: 'Windows 10 Pro; OS build 19042.928; Version 2009; 64bit' Language: 'pt' Physical Memory: 3992 MB
BatchMode: 1, IsHumanControllingUs: 0, StartBugReporterOnCrash: 0, Is64bit: 1, IsPro: 0

 COMMAND LINE ARGUMENTS:
D:\Unity\Editor\Unity.exe
-adb2
-batchMode
-noUpm
-name
AssetImportWorker0
-projectPath
D:/Unity Jogos/TheUndeadDungeon/Dungeo game
-logFile
Logs/AssetImportWorker0.log
-srvPort
52070
Successfully changed project path to: D:/Unity Jogos/TheUndeadDungeon/Dungeo game
D:/Unity Jogos/TheUndeadDungeon/Dungeo game
Using Asset Import Pipeline V2.
Refreshing native plugins compatible for Editor in 167.36 ms, found 1 plugins.
Preloading 0 native plugins for Editor in 0.00 ms.
Initialize engine version: 2020.3.6f1 (338bb68529b2)
[Subsystems] Discovering subsystems at path D:/Unity/Editor/Data/Resources/UnitySubsystems
[Subsystems] Discovering subsystems at path D:/Unity Jogos/TheUndeadDungeon/Dungeo game/Assets
GfxDevice: creating device client; threaded=0
Direct3D:
    Version:  Direct3D 11.0 [level 11.0]
    Renderer: Intel(R) HD Graphics (ID=0x152)
    Vendor:   
    VRAM:     128 MB
    Driver:   10.18.10.4252
Initialize mono
Mono path[0] = 'D:/Unity/Editor/Data/Managed'
Mono path[1] = 'D:/Unity/Editor/Data/MonoBleedingEdge/lib/mono/unityjit'
Mono config path = 'D:/Unity/Editor/Data/MonoBleedingEdge/etc'
Using monoOptions --debugger-agent=transport=dt_socket,embedding=1,server=y,suspend=n,address=127.0.0.1:56436
Begin MonoManager ReloadAssembly
Registering precompiled unity dll's ...
Register platform support module: D:/Unity/Editor/Data/PlaybackEngines/WebGLSupport/UnityEditor.WebGL.Extensions.dll
Register platform support module: D:/Unity/Editor/Data/PlaybackEngines/WindowsStandaloneSupport/UnityEditor.WindowsStandalone.Extensions.dll
Registered in 0.008120 seconds.
Native extension for WindowsStandalone target not found
Native extension for WebGL target not found
Refreshing native plugins compatible for Editor in 136.04 ms, found 1 plugins.
Preloading 0 native plugins for Editor in 0.00 ms.
Mono: successfully reloaded assembly
- Completed reload, in  4.475 seconds
Platform modules already initialized, skipping
Registering precompiled user dll's ...
Registered in 0.005037 seconds.
Begin MonoManager ReloadAssembly
Native extension for WindowsStandalone target not found
Native extension for WebGL target not found
Refreshing native plugins compatible for Editor in 195.76 ms, found 1 plugins.
Preloading 0 native plugins for Editor in 0.00 ms.
Mono: successfully reloaded assembly
- Completed reload, in  6.231 seconds
Platform modules already initialized, skipping
========================================================================
Worker process is ready to serve import requests
Launched and connected shader compiler UnityShaderCompiler.exe after 0.62 seconds
Refreshing native plugins compatible for Editor in 0.91 ms, found 1 plugins.
Preloading 0 native plugins for Editor in 0.00 ms.
Unloading 1971 Unused Serialized files (Serialized files now loaded: 0)
System memory in use before: 93.3 MB.
System memory in use after: 93.3 MB.

Unloading 20 unused Assets to reduce memory usage. Loaded Objects now: 2421.
Total: 7.821200 ms (FindLiveObjects: 4.175700 ms CreateObjectMapping: 0.248800 ms MarkObjects: 3.265800 ms  DeleteObjects: 0.128000 ms)

========================================================================
Received Import Request.
  path: Assets/Sons/Enemy Big.mp3
  artifactKey: Guid(b42824a1dc7f8504bb950cde9129103f) Importer(815301076,1909f56bfc062723c751e8b465ee728b)
Start importing Assets/Sons/Enemy Big.mp3 using Guid(b42824a1dc7f8504bb950cde9129103f) Importer(815301076,1909f56bfc062723c751e8b465ee728b)  -> (artifact id: 'd7eb45d8d9e323888f8270a10d3a8768') in 0.461985 seconds
  Import took 0.475144 seconds .

========================================================================
Received Prepare
Registering precompiled user dll's ...
Registered in 0.001733 seconds.
Begin MonoManager ReloadAssembly
Native extension for WindowsStandalone target not found
Native extension for WebGL target not found
Refreshing native plugins compatible for Editor in 4.52 ms, found 1 plugins.
Preloading 0 native plugins for Editor in 0.00 ms.
Mono: successfully reloaded assembly
- Completed reload, in  2.800 seconds
Platform modules already initialized, skipping
Refreshing native plugins compatible for Editor in 0.84 ms, found 1 plugins.
Preloading 0 native plugins for Editor in 0.00 ms.
Unloading 1959 Unused Serialized files (Serialized files now loaded: 0)
System memory in use before: 95.7 MB.
System memory in use after: 95.8 MB.

Unloading 8 unused Assets to reduce memory usage. Loaded Objects now: 2434.
Total: 3.615400 ms (FindLiveObjects: 0.263300 ms CreateObjectMapping: 0.221200 ms MarkObjects: 3.102100 ms  DeleteObjects: 0.026000 ms)

========================================================================
Received Import Request.
  Time since last request: 79.744875 seconds.
  path: Assets/Prefab/Sounds/SoundEnemy 1.prefab
  artifactKey: Guid(d1f7f2093ae721445b0f4e7437611d3c) Importer(815301076,1909f56bfc062723c751e8b465ee728b)
Start importing Assets/Prefab/Sounds/SoundEnemy 1.prefab using Guid(d1f7f2093ae721445b0f4e7437611d3c) Importer(815301076,1909f56bfc062723c751e8b465ee728b)  -> (artifact id: 'beac22f5ab9c783b7104be470e5c4bb2') in 0.123162 seconds
  Import took 0.138730 seconds .

========================================================================
Received Import Request.
  Time since last request: 0.117641 seconds.
  path: Assets/Prefab/Sounds/SoundEnemyBig.prefab
  artifactKey: Guid(d1f7f2093ae721445b0f4e7437611d3c) Importer(815301076,1909f56bfc062723c751e8b465ee728b)
Start importing Assets/Prefab/Sounds/SoundEnemyBig.prefab using Guid(d1f7f2093ae721445b0f4e7437611d3c) Importer(815301076,1909f56bfc062723c751e8b465ee728b)  -> (artifact id: '5153bfec9add2d8ec2ef58fd733686de') in 0.075332 seconds
  Import took 0.114475 seconds .

========================================================================
Received Import Request.
  Time since last request: 13.773711 seconds.
  path: Assets/Sons
  artifactKey: Guid(78960ef690fcabe41b23c241aec81fdb) Importer(815301076,1909f56bfc062723c751e8b465ee728b)
Start importing Assets/Sons using Guid(78960ef690fcabe41b23c241aec81fdb) Importer(815301076,1909f56bfc062723c751e8b465ee728b)  -> (artifact id: '669635ee322d751b658593d69872906e') in 0.029610 seconds
  Import took 0.038142 seconds .

========================================================================
Received Import Request.
  Time since last request: 0.910896 seconds.
  path: Assets/Sons/Enemy.mp3
  artifactKey: Guid(740fb5e786c979843986e0d325e61b8f) Importer(815301076,1909f56bfc062723c751e8b465ee728b)
Start importing Assets/Sons/Enemy.mp3 using Guid(740fb5e786c979843986e0d325e61b8f) Importer(815301076,1909f56bfc062723c751e8b465ee728b)  -> (artifact id: '09d20bcae5ea7ab053b929e1d4f9de0a') in 0.107746 seconds
  Import took 0.121507 seconds .

========================================================================
Received Import Request.
  Time since last request: 245.900436 seconds.
  path: Assets/Prefab/Sounds/SoundEnemyBig.prefab
  artifactKey: Guid(d1f7f2093ae721445b0f4e7437611d3c) Importer(815301076,1909f56bfc062723c751e8b465ee728b)
Start importing Assets/Prefab/Sounds/SoundEnemyBig.prefab using Guid(d1f7f2093ae721445b0f4e7437611d3c) Importer(815301076,1909f56bfc062723c751e8b465ee728b)  -> (artifact id: '7d16b0e602464302f39112703154e942') in 0.023142 seconds
  Import took 0.034235 seconds .

========================================================================
Received Import Request.
  Time since last request: 154.421643 seconds.
  path: Assets/Prefab/Enemys/Enemys Demon/wogol.prefab
  artifactKey: Guid(4795470d4cbe51947b1d3ea77f056e68) Importer(815301076,1909f56bfc062723c751e8b465ee728b)
Start importing Assets/Prefab/Enemys/Enemys Demon/wogol.prefab using Guid(4795470d4cbe51947b1d3ea77f056e68) Importer(815301076,1909f56bfc062723c751e8b465ee728b)  -> (artifact id: 'a52c27422e2c4df91c17243efee0a9d3') in 0.194618 seconds
  Import took 0.246453 seconds .

========================================================================
Received Import Request.
  Time since last request: 8.542713 seconds.
  path: Assets/Prefab/Enemys/Enemys Zombie/Skelet.prefab
  artifactKey: Guid(2fd04c843b0659146943bbb5246aa419) Importer(815301076,1909f56bfc062723c751e8b465ee728b)
Start importing Assets/Prefab/Enemys/Enemys Zombie/Skelet.prefab using Guid(2fd04c843b0659146943bbb5246aa419) Importer(815301076,1909f56bfc062723c751e8b465ee728b)  -> (artifact id: 'c6e61534cdb2acbaa082cd1483d3555e') in 0.102612 seconds
  Import took 0.126881 seconds .

========================================================================
Received Import Request.
  Time since last request: 75.188705 seconds.
  path: Assets/Scenes/lvl1.unity
  artifactKey: Guid(0162b49b319b4ee46ab716d50c94eb82) Importer(815301076,1909f56bfc062723c751e8b465ee728b)
Start importing Assets/Scenes/lvl1.unity using Guid(0162b49b319b4ee46ab716d50c94eb82) Importer(815301076,1909f56bfc062723c751e8b465ee728b)  -> (artifact id: '3ade85eb79c4a3bddf46a4b1cbb73c90') in 0.110995 seconds
  Import took 0.132247 seconds .

========================================================================
Received Import Request.
  Time since last request: 2.774654 seconds.
  path: Assets/Scenes/lvl2.unity
  artifactKey: Guid(d3e0a25b6a5aa3b4892dcd387866e317) Importer(815301076,1909f56bfc062723c751e8b465ee728b)
Start importing Assets/Scenes/lvl2.unity using Guid(d3e0a25b6a5aa3b4892dcd387866e317) Importer(815301076,1909f56bfc062723c751e8b465ee728b)  -> (artifact id: '092e3806d0dccb8884f7f612f37961e1') in 0.041374 seconds
  Import took 0.076449 seconds .

========================================================================
Received Import Request.
  Time since last request: 3.078905 seconds.
  path: Assets/Scenes/lvl3.unity
  artifactKey: Guid(5e81faa9530a3334b8e6c876916f2726) Importer(815301076,1909f56bfc062723c751e8b465ee728b)
Start importing Assets/Scenes/lvl3.unity using Guid(5e81faa9530a3334b8e6c876916f2726) Importer(815301076,1909f56bfc062723c751e8b465ee728b)  -> (artifact id: '7c096e269d2fefeb4d19c1bb07705eab') in 0.033177 seconds
  Import took 0.047588 seconds .

========================================================================
Received Prepare
Registering precompiled user dll's ...
Registered in 0.006489 seconds.
Begin MonoManager ReloadAssembly
Native extension for WindowsStandalone target not found
Native extension for WebGL target not found
Refreshing native plugins compatible for Editor in 1.02 ms, found 1 plugins.
Preloading 0 native plugins for Editor in 0.00 ms.
Mono: successfully reloaded assembly
- Completed reload, in  5.312 seconds
Platform modules already initialized, skipping
Refreshing native plugins compatible for Editor in 1.18 ms, found 1 plugins.
Preloading 0 native plugins for Editor in 0.00 ms.
Unloading 1959 Unused Serialized files (Serialized files now loaded: 0)
System memory in use before: 95.8 MB.
System memory in use after: 95.9 MB.

Unloading 8 unused Assets to reduce memory usage. Loaded Objects now: 2439.
Total: 4.455900 ms (FindLiveObjects: 0.248100 ms CreateObjectMapping: 0.119900 ms MarkObjects: 4.058500 ms  DeleteObjects: 0.026900 ms)

========================================================================
Received Import Request.
  Time since last request: 66.439838 seconds.
  path: Assets/Prefab/Sounds/SoundEnemy.prefab
  artifactKey: Guid(55884407f82dcf045a6285f1280a5214) Importer(815301076,1909f56bfc062723c751e8b465ee728b)
Start importing Assets/Prefab/Sounds/SoundEnemy.prefab using Guid(55884407f82dcf045a6285f1280a5214) Importer(815301076,1909f56bfc062723c751e8b465ee728b)  -> (artifact id: '3bb191dba245eee36df7755827aae4f8') in 0.099237 seconds
  Import took 0.117983 seconds .

========================================================================
Received Prepare
Registering precompiled user dll's ...
Registered in 0.001623 seconds.
Begin MonoManager ReloadAssembly
Native extension for WindowsStandalone target not found
Native extension for WebGL target not found
Refreshing native plugins compatible for Editor in 0.95 ms, found 1 plugins.
Preloading 0 native plugins for Editor in 0.00 ms.
Mono: successfully reloaded assembly
- Completed reload, in  2.126 seconds
Platform modules already initialized, skipping
Refreshing native plugins compatible for Editor in 0.82 ms, found 1 plugins.
Preloading 0 native plugins for Editor in 0.00 ms.
Unloading 1959 Unused Serialized files (Serialized files now loaded: 0)
System memory in use before: 95.9 MB.
System memory in use after: 96.0 MB.

Unloading 8 unused Assets to reduce memory usage. Loaded Objects now: 2443.
Total: 3.493200 ms (FindLiveObjects: 0.266600 ms CreateObjectMapping: 0.141700 ms MarkObjects: 3.051700 ms  DeleteObjects: 0.030200 ms)

========================================================================
Received Prepare
Registering precompiled user dll's ...
Registered in 0.001519 seconds.
Begin MonoManager ReloadAssembly
Native extension for WindowsStandalone target not found
Native extension for WebGL target not found
Refreshing native plugins compatible for Editor in 0.79 ms, found 1 plugins.
Preloading 0 native plugins for Editor in 0.00 ms.
Mono: successfully reloaded assembly
- Completed reload, in  1.950 seconds
Platform modules already initialized, skipping
Refreshing native plugins compatible for Editor in 4.16 ms, found 1 plugins.
Preloading 0 native plugins for Editor in 0.00 ms.
Unloading 1959 Unused Serialized files (Serialized files now loaded: 0)
System memory in use before: 95.9 MB.
System memory in use after: 96.0 MB.

Unloading 8 unused Assets to reduce memory usage. Loaded Objects now: 2447.
Total: 3.471800 ms (FindLiveObjects: 0.269700 ms CreateObjectMapping: 0.142500 ms MarkObjects: 3.025600 ms  DeleteObjects: 0.031200 ms)

========================================================================
Received Prepare
Registering precompiled user dll's ...
Registered in 0.001715 seconds.
Begin MonoManager ReloadAssembly
Native extension for WindowsStandalone target not found
Native extension for WebGL target not found
Refreshing native plugins compatible for Editor in 0.86 ms, found 1 plugins.
Preloading 0 native plugins for Editor in 0.00 ms.
Mono: successfully reloaded assembly
- Completed reload, in  1.745 seconds
Platform modules already initialized, skipping
Refreshing native plugins compatible for Editor in 1.81 ms, found 1 plugins.
Preloading 0 native plugins for Editor in 0.00 ms.
Unloading 1959 Unused Serialized files (Serialized files now loaded: 0)
System memory in use before: 95.9 MB.
System memory in use after: 96.0 MB.

Unloading 8 unused Assets to reduce memory usage. Loaded Objects now: 2451.
Total: 3.343000 ms (FindLiveObjects: 0.271200 ms CreateObjectMapping: 0.125000 ms MarkObjects: 2.915900 ms  DeleteObjects: 0.028200 ms)

========================================================================
Received Import Request.
  Time since last request: 234.470359 seconds.
  path: Assets/Daydream.ttf
  artifactKey: Guid(58849a5c394c7454ea122db4618281f7) Importer(815301076,1909f56bfc062723c751e8b465ee728b)
Start importing Assets/Daydream.ttf using Guid(58849a5c394c7454ea122db4618281f7) Importer(815301076,1909f56bfc062723c751e8b465ee728b)  -> (artifact id: '4456f110914316baae465f54ff16d89d') in 0.265486 seconds
  Import took 0.275616 seconds .

========================================================================
Received Import Request.
  Time since last request: 13.353599 seconds.
  path: Assets/Prefab/Sounds/SoundEnemyBig.prefab
  artifactKey: Guid(d1f7f2093ae721445b0f4e7437611d3c) Importer(815301076,1909f56bfc062723c751e8b465ee728b)
Start importing Assets/Prefab/Sounds/SoundEnemyBig.prefab using Guid(d1f7f2093ae721445b0f4e7437611d3c) Importer(815301076,1909f56bfc062723c751e8b465ee728b)  -> (artifact id: 'cc852e24adbd3bf46a5dc790a2e324af') in 0.062882 seconds
  Import took 0.073123 seconds .

========================================================================
Received Import Request.
  Time since last request: 4.691854 seconds.
  path: Assets/Prefab/Sounds/SoundEnemy.prefab
  artifactKey: Guid(55884407f82dcf045a6285f1280a5214) Importer(815301076,1909f56bfc062723c751e8b465ee728b)
Start importing Assets/Prefab/Sounds/SoundEnemy.prefab using Guid(55884407f82dcf045a6285f1280a5214) Importer(815301076,1909f56bfc062723c751e8b465ee728b)  -> (artifact id: '9c540f296b67bf4ac341be217783f1d2') in 0.053256 seconds
  Import took 0.072250 seconds .

========================================================================
Received Import Request.
  Time since last request: 56.902721 seconds.
  path: Assets/Prefab/Sounds/SoundWalk.prefab
  artifactKey: Guid(e3113c1c9f8649940b96eff52e9a389e) Importer(815301076,1909f56bfc062723c751e8b465ee728b)
Start importing Assets/Prefab/Sounds/SoundWalk.prefab using Guid(e3113c1c9f8649940b96eff52e9a389e) Importer(815301076,1909f56bfc062723c751e8b465ee728b)  -> (artifact id: 'd6b730a7f09337c421faab7d9932f933') in 0.056658 seconds
  Import took 0.067438 seconds .

========================================================================
Received Import Request.
  Time since last request: 1.763858 seconds.
  path: Assets/Prefab/Sounds/SoundConsume.prefab
  artifactKey: Guid(c690d3909ec2ca34d86bff2de2db3a0e) Importer(815301076,1909f56bfc062723c751e8b465ee728b)
Start importing Assets/Prefab/Sounds/SoundConsume.prefab using Guid(c690d3909ec2ca34d86bff2de2db3a0e) Importer(815301076,1909f56bfc062723c751e8b465ee728b)  -> (artifact id: '9663f20d9c41ce20b2cbdf933f9db657') in 0.047976 seconds
  Import took 0.058354 seconds .

========================================================================
Received Prepare
Registering precompiled user dll's ...
Registered in 0.002191 seconds.
Begin MonoManager ReloadAssembly
Native extension for WindowsStandalone target not found
Native extension for WebGL target not found
Refreshing native plugins compatible for Editor in 0.79 ms, found 1 plugins.
Preloading 0 native plugins for Editor in 0.00 ms.
Mono: successfully reloaded assembly
- Completed reload, in  2.161 seconds
Platform modules already initialized, skipping
Refreshing native plugins compatible for Editor in 0.86 ms, found 1 plugins.
Preloading 0 native plugins for Editor in 0.00 ms.
Unloading 1959 Unused Serialized files (Serialized files now loaded: 0)
System memory in use before: 96.2 MB.
System memory in use after: 96.3 MB.

Unloading 8 unused Assets to reduce memory usage. Loaded Objects now: 2493.
Total: 3.234500 ms (FindLiveObjects: 0.250600 ms CreateObjectMapping: 0.114700 ms MarkObjects: 2.839600 ms  DeleteObjects: 0.027200 ms)

========================================================================
Received Import Request.
  Time since last request: 16.063092 seconds.
  path: Assets/Prefab/Sounds/SoundEnemy.prefab
  artifactKey: Guid(55884407f82dcf045a6285f1280a5214) Importer(815301076,1909f56bfc062723c751e8b465ee728b)
Start importing Assets/Prefab/Sounds/SoundEnemy.prefab using Guid(55884407f82dcf045a6285f1280a5214) Importer(815301076,1909f56bfc062723c751e8b465ee728b)  -> (artifact id: '9b8309967c9105972d1111bdd8b55260') in 0.046012 seconds
  Import took 0.053076 seconds .

========================================================================
Received Import Request.
  Time since last request: 8.126670 seconds.
  path: Assets/Prefab/Sounds/SoundEnemyBig.prefab
  artifactKey: Guid(d1f7f2093ae721445b0f4e7437611d3c) Importer(815301076,1909f56bfc062723c751e8b465ee728b)
Start importing Assets/Prefab/Sounds/SoundEnemyBig.prefab using Guid(d1f7f2093ae721445b0f4e7437611d3c) Importer(815301076,1909f56bfc062723c751e8b465ee728b)  -> (artifact id: '617d3769776e8e5a702b338bbe30e3d7') in 0.010537 seconds
  Import took 0.019518 seconds .

========================================================================
Received Import Request.
  Time since last request: 7.806146 seconds.
  path: Assets/Prefab/Sounds/SoundDieEnemy.prefab
  artifactKey: Guid(55884407f82dcf045a6285f1280a5214) Importer(815301076,1909f56bfc062723c751e8b465ee728b)
Start importing Assets/Prefab/Sounds/SoundDieEnemy.prefab using Guid(55884407f82dcf045a6285f1280a5214) Importer(815301076,1909f56bfc062723c751e8b465ee728b)  -> (artifact id: '83c30160702164bb612ffc4797cc8a15') in 0.042098 seconds
  Import took 0.054326 seconds .

========================================================================
Received Import Request.
  Time since last request: 8.436595 seconds.
  path: Assets/Prefab/Sounds/SoundDieEnemyBig.prefab
  artifactKey: Guid(d1f7f2093ae721445b0f4e7437611d3c) Importer(815301076,1909f56bfc062723c751e8b465ee728b)
Start importing Assets/Prefab/Sounds/SoundDieEnemyBig.prefab using Guid(d1f7f2093ae721445b0f4e7437611d3c) Importer(815301076,1909f56bfc062723c751e8b465ee728b)  -> (artifact id: '85fe81bdc89ab380f340e8dfe175ef05') in 0.044035 seconds
  Import took 0.061148 seconds .

========================================================================
Received Prepare
Registering precompiled user dll's ...
Registered in 0.003883 seconds.
Begin MonoManager ReloadAssembly
Native extension for WindowsStandalone target not found
Native extension for WebGL target not found
Refreshing native plugins compatible for Editor in 0.99 ms, found 1 plugins.
Preloading 0 native plugins for Editor in 0.00 ms.
Mono: successfully reloaded assembly
- Completed reload, in  1.901 seconds
Platform modules already initialized, skipping
Refreshing native plugins compatible for Editor in 0.83 ms, found 1 plugins.
Preloading 0 native plugins for Editor in 0.00 ms.
Unloading 1959 Unused Serialized files (Serialized files now loaded: 0)
System memory in use before: 96.2 MB.
System memory in use after: 96.3 MB.

Unloading 8 unused Assets to reduce memory usage. Loaded Objects now: 2497.
Total: 3.029500 ms (FindLiveObjects: 0.274000 ms CreateObjectMapping: 0.119400 ms MarkObjects: 2.605000 ms  DeleteObjects: 0.028500 ms)

========================================================================
Received Prepare
Registering precompiled user dll's ...
Registered in 0.001649 seconds.
Begin MonoManager ReloadAssembly
Native extension for WindowsStandalone target not found
Native extension for WebGL target not found
Refreshing native plugins compatible for Editor in 0.84 ms, found 1 plugins.
Preloading 0 native plugins for Editor in 0.00 ms.
Mono: successfully reloaded assembly
- Completed reload, in  2.566 seconds
Platform modules already initialized, skipping
Refreshing native plugins compatible for Editor in 1.70 ms, found 1 plugins.
Preloading 0 native plugins for Editor in 0.00 ms.
Unloading 1959 Unused Serialized files (Serialized files now loaded: 0)
System memory in use before: 96.2 MB.
System memory in use after: 96.4 MB.

Unloading 8 unused Assets to reduce memory usage. Loaded Objects now: 2501.
Total: 14.616200 ms (FindLiveObjects: 0.279600 ms CreateObjectMapping: 0.117700 ms MarkObjects: 14.186900 ms  DeleteObjects: 0.029200 ms)

========================================================================
Received Import Request.
  Time since last request: 149.160412 seconds.
  path: Assets/Prefab/Sounds/SoundDieEnemyBig.prefab
  artifactKey: Guid(d1f7f2093ae721445b0f4e7437611d3c) Importer(815301076,1909f56bfc062723c751e8b465ee728b)
Start importing Assets/Prefab/Sounds/SoundDieEnemyBig.prefab using Guid(d1f7f2093ae721445b0f4e7437611d3c) Importer(815301076,1909f56bfc062723c751e8b465ee728b)  -> (artifact id: '012f4a56f94a0b2494118a560c9b2fd0') in 0.057145 seconds
  Import took 0.068613 seconds .

========================================================================
Received Prepare
Registering precompiled user dll's ...
Registered in 0.001782 seconds.
Begin MonoManager ReloadAssembly
Native extension for WindowsStandalone target not found
Native extension for WebGL target not found
Refreshing native plugins compatible for Editor in 0.87 ms, found 1 plugins.
Preloading 0 native plugins for Editor in 0.00 ms.
Mono: successfully reloaded assembly
- Completed reload, in  1.888 seconds
Platform modules already initialized, skipping
Refreshing native plugins compatible for Editor in 0.98 ms, found 1 plugins.
Preloading 0 native plugins for Editor in 0.00 ms.
Unloading 1959 Unused Serialized files (Serialized files now loaded: 0)
System memory in use before: 96.2 MB.
System memory in use after: 96.4 MB.

Unloading 8 unused Assets to reduce memory usage. Loaded Objects now: 2505.
Total: 3.139300 ms (FindLiveObjects: 0.256100 ms CreateObjectMapping: 0.112100 ms MarkObjects: 2.739100 ms  DeleteObjects: 0.029700 ms)

========================================================================
Received Prepare
Registering precompiled user dll's ...
Registered in 0.001610 seconds.
Begin MonoManager ReloadAssembly
Native extension for WindowsStandalone target not found
Native extension for WebGL target not found
Refreshing native plugins compatible for Editor in 0.81 ms, found 1 plugins.
Preloading 0 native plugins for Editor in 0.00 ms.
Mono: successfully reloaded assembly
- Completed reload, in  1.673 seconds
Platform modules already initialized, skipping
Refreshing native plugins compatible for Editor in 0.85 ms, found 1 plugins.
Preloading 0 native plugins for Editor in 0.00 ms.
Unloading 1959 Unused Serialized files (Serialized files now loaded: 0)
System memory in use before: 96.3 MB.
System memory in use after: 96.4 MB.

Unloading 8 unused Assets to reduce memory usage. Loaded Objects now: 2509.
Total: 3.969700 ms (FindLiveObjects: 0.287000 ms CreateObjectMapping: 0.139100 ms MarkObjects: 3.511600 ms  DeleteObjects: 0.029100 ms)

AssetImportWorkerClient::OnTransportError - code=2 error=End of file
